<?xml version="1.0" encoding="UTF-8"?>
<testng-results skipped="0" failed="0" ignored="0" total="2" passed="2">
  <reporter-output>
  </reporter-output>
  <suite name="Default suite" duration-ms="14576" started-at="2020-06-14T03:07:10Z" finished-at="2020-06-14T03:07:24Z">
    <groups>
    </groups>
    <test name="Default test" duration-ms="14576" started-at="2020-06-14T03:07:10Z" finished-at="2020-06-14T03:07:24Z">
      <class name="com.java.extentreport.Extent">
        <test-method status="PASS" signature="launchbrowser()[pri:0, instance:com.java.extentreport.Extent@1375618]" name="launchbrowser" is-config="true" duration-ms="10196" started-at="2020-06-14T08:37:00Z" finished-at="2020-06-14T08:37:10Z">
          <reporter-output>
          </reporter-output>
        </test-method> <!-- launchbrowser -->
        <test-method status="PASS" signature="google()[pri:1, instance:com.java.extentreport.Extent@1375618]" name="google" duration-ms="7436" started-at="2020-06-14T08:37:10Z" finished-at="2020-06-14T08:37:17Z">
          <reporter-output>
          </reporter-output>
        </test-method> <!-- google -->
        <test-method status="PASS" signature="bing()[pri:2, instance:com.java.extentreport.Extent@1375618]" name="bing" duration-ms="7081" started-at="2020-06-14T08:37:17Z" finished-at="2020-06-14T08:37:24Z">
          <reporter-output>
          </reporter-output>
        </test-method> <!-- bing -->
        <test-method status="PASS" signature="closebrowser()[pri:0, instance:com.java.extentreport.Extent@1375618]" name="closebrowser" is-config="true" duration-ms="3994" started-at="2020-06-14T08:37:24Z" finished-at="2020-06-14T08:37:28Z">
          <reporter-output>
          </reporter-output>
        </test-method> <!-- closebrowser -->
      </class> <!-- com.java.extentreport.Extent -->
    </test> <!-- Default test -->
  </suite> <!-- Default suite -->
</testng-results>
